0 info it worked if it ends with ok
1 verbose cli [ 'd:\\nodejs\\node.exe',
1 verbose cli   'd:\\nodejs\\node_modules\\npm\\bin\\npm-cli.js',
1 verbose cli   'install',
1 verbose cli   'n',
1 verbose cli   '-g' ]
2 info using npm@2.7.4
3 info using node@v0.12.2
4 silly cache add args [ 'n', null ]
5 verbose cache add spec n
6 silly cache add parsed spec { raw: 'n',
6 silly cache add   scope: null,
6 silly cache add   name: 'n',
6 silly cache add   rawSpec: '',
6 silly cache add   spec: '*',
6 silly cache add   type: 'range' }
7 verbose addNamed n@*
8 silly addNamed semver.valid null
9 silly addNamed semver.validRange *
10 silly addNameRange { name: 'n', range: '*', hasData: false }
11 silly mapToRegistry name n
12 silly mapToRegistry using default registry
13 silly mapToRegistry registry https://registry.npmjs.org/
14 silly mapToRegistry uri https://registry.npmjs.org/n
15 verbose addNameRange registry:https://registry.npmjs.org/n not in flight; fetching
16 verbose request uri https://registry.npmjs.org/n
17 verbose request no auth needed
18 info attempt registry request try #1 at 16:48:31
19 verbose request id 86d541943d2a4170
20 verbose etag "DRKV01WASHLH51N7LEJCYK1MP"
21 http request GET https://registry.npmjs.org/n
22 http 304 https://registry.npmjs.org/n
23 silly get cb [ 304,
23 silly get   { date: 'Mon, 06 Jun 2016 08:48:45 GMT',
23 silly get     via: '1.1 varnish',
23 silly get     'cache-control': 'max-age=300',
23 silly get     etag: '"DRKV01WASHLH51N7LEJCYK1MP"',
23 silly get     age: '297',
23 silly get     connection: 'keep-alive',
23 silly get     'x-served-by': 'cache-ams4121-AMS',
23 silly get     'x-cache': 'HIT',
23 silly get     'x-cache-hits': '2',
23 silly get     'x-timer': 'S1465202925.806546,VS0,VE0',
23 silly get     vary: 'Accept-Encoding' } ]
24 verbose etag https://registry.npmjs.org/n from cache
25 verbose get saving n to C:\Users\Administrator\AppData\Roaming\npm-cache\registry.npmjs.org\n\.cache.json
26 silly addNameRange number 2 { name: 'n', range: '*', hasData: true }
27 silly addNameRange versions [ 'n',
27 silly addNameRange   [ '0.0.1',
27 silly addNameRange     '0.0.2',
27 silly addNameRange     '0.0.3',
27 silly addNameRange     '0.0.4',
27 silly addNameRange     '0.1.0',
27 silly addNameRange     '0.1.1',
27 silly addNameRange     '0.1.2',
27 silly addNameRange     '0.2.0',
27 silly addNameRange     '0.2.1',
27 silly addNameRange     '0.2.2',
27 silly addNameRange     '0.3.0',
27 silly addNameRange     '0.4.0',
27 silly addNameRange     '0.4.1',
27 silly addNameRange     '0.4.2',
27 silly addNameRange     '0.5.0',
27 silly addNameRange     '0.5.1',
27 silly addNameRange     '0.5.2',
27 silly addNameRange     '0.5.3',
27 silly addNameRange     '0.5.4',
27 silly addNameRange     '0.6.0',
27 silly addNameRange     '0.6.1',
27 silly addNameRange     '0.7.0',
27 silly addNameRange     '0.7.1',
27 silly addNameRange     '0.7.2',
27 silly addNameRange     '0.7.3',
27 silly addNameRange     '0.8.0',
27 silly addNameRange     '0.8.1',
27 silly addNameRange     '0.8.2',
27 silly addNameRange     '0.9.0',
27 silly addNameRange     '0.9.1',
27 silly addNameRange     '0.9.2',
27 silly addNameRange     '0.9.3',
27 silly addNameRange     '1.0.0',
27 silly addNameRange     '1.1.0',
27 silly addNameRange     '1.2.1',
27 silly addNameRange     '1.2.2',
27 silly addNameRange     '1.2.3',
27 silly addNameRange     '1.2.4',
27 silly addNameRange     '1.2.5',
27 silly addNameRange     '1.2.6',
27 silly addNameRange     '1.2.7',
27 silly addNameRange     '1.2.8',
27 silly addNameRange     '1.2.9',
27 silly addNameRange     '1.2.11',
27 silly addNameRange     '1.2.13',
27 silly addNameRange     '1.2.14',
27 silly addNameRange     '1.3.0',
27 silly addNameRange     '1.4.0',
27 silly addNameRange     '2.0.0',
27 silly addNameRange     '1.4.1',
27 silly addNameRange     '2.0.1',
27 silly addNameRange     '1.4.2',
27 silly addNameRange     '2.0.2',
27 silly addNameRange     '2.1.0' ] ]
28 verbose addNamed n@2.1.0
29 silly addNamed semver.valid 2.1.0
30 silly addNamed semver.validRange 2.1.0
31 silly cache afterAdd n@2.1.0
32 verbose afterAdd C:\Users\Administrator\AppData\Roaming\npm-cache\n\2.1.0\package\package.json not in flight; writing
33 verbose afterAdd C:\Users\Administrator\AppData\Roaming\npm-cache\n\2.1.0\package\package.json written
34 silly install resolved [ { name: 'n',
34 silly install resolved     description: 'Interactively Manage All Your Node Versions',
34 silly install resolved     version: '2.1.0',
34 silly install resolved     author: { name: 'TJ Holowaychuk', email: 'tj@vision-media.ca' },
34 silly install resolved     homepage: 'https://github.com/tj/n',
34 silly install resolved     bugs: { url: 'https://github.com/tj/n/issues' },
34 silly install resolved     contributors: [ [Object], [Object], [Object] ],
34 silly install resolved     keywords:
34 silly install resolved      [ 'nvm',
34 silly install resolved        'node',
34 silly install resolved        'version',
34 silly install resolved        'manager',
34 silly install resolved        'switcher',
34 silly install resolved        'node',
34 silly install resolved        'binary',
34 silly install resolved        'env' ],
34 silly install resolved     bin: { n: './bin/n' },
34 silly install resolved     repository: { type: 'git', url: 'git://github.com/tj/n.git' },
34 silly install resolved     preferGlobal: true,
34 silly install resolved     os: [ '!win32' ],
34 silly install resolved     engines: { node: '*' },
34 silly install resolved     license: 'MIT',
34 silly install resolved     gitHead: '17ef0bf936c9ddb57b174d79f81ae04d8257883e',
34 silly install resolved     _id: 'n@2.1.0',
34 silly install resolved     scripts: {},
34 silly install resolved     _shasum: '4fc736dc18291e464c79fda9ef8faf21e6e1a679',
34 silly install resolved     _from: 'n@*',
34 silly install resolved     _npmVersion: '3.3.12',
34 silly install resolved     _nodeVersion: '5.3.0',
34 silly install resolved     _npmUser: { name: 'qw3rtman', email: 'me@nimit.io' },
34 silly install resolved     dist:
34 silly install resolved      { shasum: '4fc736dc18291e464c79fda9ef8faf21e6e1a679',
34 silly install resolved        tarball: 'https://registry.npmjs.org/n/-/n-2.1.0.tgz' },
34 silly install resolved     maintainers: [ [Object], [Object], [Object], [Object], [Object], [Object] ],
34 silly install resolved     directories: {},
34 silly install resolved     _resolved: 'https://registry.npmjs.org/n/-/n-2.1.0.tgz',
34 silly install resolved     readme: 'ERROR: No README data found!' } ]
35 info install n@2.1.0 into C:\Users\Administrator\AppData\Roaming\npm
36 info installOne n@2.1.0
37 verbose installOne of n to C:\Users\Administrator\AppData\Roaming\npm not in flight; installing
38 verbose lock using C:\Users\Administrator\AppData\Roaming\npm-cache\_locks\n-8c2d2dc114ffac86.lock for C:\Users\Administrator\AppData\Roaming\npm\node_modules\n
39 verbose unlock done using C:\Users\Administrator\AppData\Roaming\npm-cache\_locks\n-8c2d2dc114ffac86.lock for C:\Users\Administrator\AppData\Roaming\npm\node_modules\n
40 verbose stack Error: Unsupported
40 verbose stack     at checkPlatform (d:\nodejs\node_modules\npm\node_modules\npm-install-checks\index.js:47:14)
40 verbose stack     at Array.<anonymous> (d:\nodejs\node_modules\npm\node_modules\slide\lib\bind-actor.js:15:8)
40 verbose stack     at LOOP (d:\nodejs\node_modules\npm\node_modules\slide\lib\chain.js:15:14)
40 verbose stack     at d:\nodejs\node_modules\npm\node_modules\slide\lib\chain.js:18:7
40 verbose stack     at checkEngine (d:\nodejs\node_modules\npm\node_modules\npm-install-checks\index.js:26:10)
40 verbose stack     at Array.<anonymous> (d:\nodejs\node_modules\npm\node_modules\slide\lib\bind-actor.js:15:8)
40 verbose stack     at LOOP (d:\nodejs\node_modules\npm\node_modules\slide\lib\chain.js:15:14)
40 verbose stack     at chain (d:\nodejs\node_modules\npm\node_modules\slide\lib\chain.js:20:5)
40 verbose stack     at d:\nodejs\node_modules\npm\lib\install.js:1024:5
40 verbose stack     at d:\nodejs\node_modules\npm\lib\utils\locker.js:40:9
41 verbose pkgid n@2.1.0
42 verbose cwd d:\myGit\seniorYear\thinkjs\senior_f\SeniorYear
43 error Windows_NT 6.1.7601
44 error argv "d:\\nodejs\\node.exe" "d:\\nodejs\\node_modules\\npm\\bin\\npm-cli.js" "install" "n" "-g"
45 error node v0.12.2
46 error npm  v2.7.4
47 error code EBADPLATFORM
48 error notsup Unsupported
48 error notsup Not compatible with your operating system or architecture: n@2.1.0
48 error notsup Valid OS:    !win32
48 error notsup Valid Arch:  any
48 error notsup Actual OS:   win32
48 error notsup Actual Arch: x64
49 verbose exit [ 1, true ]
